[2m2024-08-08T12:19:51.945466Z[0m [31mERROR[0m [2mglazewm[0m[2m:[0m keybindings[49]: missing field `bindings` at line 270 column 5
[2m2024-08-08T12:20:34.120961Z[0m [31mERROR[0m [2mglazewm[0m[2m:[0m keybindings[49]: missing field `bindings` at line 270 column 5
[2m2024-08-08T12:20:46.429187Z[0m [31mERROR[0m [2mglazewm[0m[2m:[0m keybindings[49].commands: unexpected argument found
 at line 270 column 15
[2m2024-08-08T12:25:54.555609Z[0m [31mERROR[0m [2mglazewm[0m[2m:[0m Workspace with name 'prev' doesn't exist or is already active.
[2m2024-08-10T07:45:15.134373Z[0m [31mERROR[0m [2mglazewm[0m[2m:[0m At least 1 workspace is required per monitor.

Caused by:
    No workspace config available to activate workspace.
[2m2024-08-12T01:39:29.551728Z[0m [31mERROR[0m [2mglazewm[0m[2m:[0m At least 1 workspace is required per monitor.

Caused by:
    No workspace config available to activate workspace.
[2m2024-08-12T01:53:41.620994Z[0m [31mERROR[0m [2mglazewm[0m[2m:[0m Another instance of the application is already running.
[2m2024-08-12T22:59:10.783188Z[0m [31mERROR[0m [2mglazewm[0m[2m:[0m Another instance of the application is already running.
[2m2024-08-12T22:59:10.785846Z[0m [31mERROR[0m [2mglazewm[0m[2m:[0m Another instance of the application is already running.
[2m2024-08-12T22:59:10.790919Z[0m [31mERROR[0m [2mglazewm[0m[2m:[0m Another instance of the application is already running.
[2m2024-08-12T22:59:11.117378Z[0m [31mERROR[0m [2mglazewm[0m[2m:[0m Another instance of the application is already running.
[2m2024-08-12T22:59:11.288553Z[0m [31mERROR[0m [2mglazewm[0m[2m:[0m Another instance of the application is already running.
[2m2024-08-12T22:59:11.536164Z[0m [31mERROR[0m [2mglazewm[0m[2m:[0m Another instance of the application is already running.
[2m2024-08-14T22:47:02.518334Z[0m [31mERROR[0m [2mglazewm[0m[2m:[0m At least 1 workspace is required per monitor.

Caused by:
    No workspace config available to activate workspace.
[2m2024-08-15T07:40:56.195897Z[0m [31mERROR[0m [2mglazewm[0m[2m:[0m At least 1 workspace is required per monitor.

Caused by:
    No workspace config available to activate workspace.
[2m2024-08-15T07:41:14.417451Z[0m [31mERROR[0m [2mglazewm[0m[2m:[0m At least 1 workspace is required per monitor.

Caused by:
    No workspace config available to activate workspace.
[2m2024-08-15T07:41:29.302253Z[0m [31mERROR[0m [2mglazewm[0m[2m:[0m Another instance of the application is already running.
[2m2024-08-15T23:06:52.547410Z[0m [31mERROR[0m [2mglazewm[0m[2m:[0m Another instance of the application is already running.
[2m2024-08-16T00:43:48.204951Z[0m [31mERROR[0m [2mglazewm[0m[2m:[0m Another instance of the application is already running.
[2m2024-08-16T00:43:48.206924Z[0m [31mERROR[0m [2mglazewm[0m[2m:[0m Another instance of the application is already running.
[2m2024-08-16T00:43:48.207914Z[0m [31mERROR[0m [2mglazewm[0m[2m:[0m Another instance of the application is already running.
[2m2024-08-16T08:02:58.670360Z[0m [31mERROR[0m [2mglazewm[0m[2m:[0m At least 1 workspace is required per monitor.

Caused by:
    No workspace config available to activate workspace.
[2m2024-08-16T08:05:49.169063Z[0m [31mERROR[0m [2mglazewm[0m[2m:[0m Failed to get workspace of nearest monitor.
[2m2024-08-16T08:05:52.815235Z[0m [31mERROR[0m [2mglazewm[0m[2m:[0m Failed to get workspace of nearest monitor.
[2m2024-08-16T08:05:54.527142Z[0m [31mERROR[0m [2mglazewm[0m[2m:[0m At least 1 workspace is required per monitor.

Caused by:
    No workspace config available to activate workspace.
[2m2024-08-17T00:27:43.717584Z[0m [31mERROR[0m [2mglazewm[0m[2m:[0m At least 1 workspace is required per monitor.

Caused by:
    No workspace config available to activate workspace.
[2m2024-08-17T06:28:34.725202Z[0m [31mERROR[0m [2mglazewm[0m[2m:[0m At least 1 workspace is required per monitor.

Caused by:
    No workspace config available to activate workspace.
[2m2024-08-18T06:24:30.094831Z[0m [31mERROR[0m [2mglazewm[0m[2m:[0m At least 1 workspace is required per monitor.

Caused by:
    No workspace config available to activate workspace.
[2m2024-08-20T07:01:15.495432Z[0m [31mERROR[0m [2mglazewm[0m[2m:[0m At least 1 workspace is required per monitor.

Caused by:
    No workspace config available to activate workspace.
[2m2024-08-21T22:51:32.554556Z[0m [31mERROR[0m [2mglazewm[0m[2m:[0m At least 1 workspace is required per monitor.

Caused by:
    No workspace config available to activate workspace.
[2m2024-08-22T06:45:51.261350Z[0m [31mERROR[0m [2mglazewm[0m[2m:[0m At least 1 workspace is required per monitor.

Caused by:
    No workspace config available to activate workspace.
[2m2024-08-22T06:46:03.672955Z[0m [31mERROR[0m [2mglazewm[0m[2m:[0m At least 1 workspace is required per monitor.

Caused by:
    No workspace config available to activate workspace.
[2m2024-08-23T07:23:04.311198Z[0m [31mERROR[0m [2mglazewm[0m[2m:[0m At least 1 workspace is required per monitor.

Caused by:
    No workspace config available to activate workspace.
[2m2024-08-23T07:23:08.261551Z[0m [31mERROR[0m [2mglazewm[0m[2m:[0m At least 1 workspace is required per monitor.

Caused by:
    No workspace config available to activate workspace.
[2m2024-08-23T13:40:11.636741Z[0m [31mERROR[0m [2mglazewm[0m[2m:[0m At least 1 workspace is required per monitor.

Caused by:
    No workspace config available to activate workspace.
[2m2024-08-23T23:25:14.172149Z[0m [31mERROR[0m [2mglazewm[0m[2m:[0m At least 1 workspace is required per monitor.

Caused by:
    No workspace config available to activate workspace.
[2m2024-08-23T23:25:26.832102Z[0m [31mERROR[0m [2mglazewm[0m[2m:[0m At least 1 workspace is required per monitor.

Caused by:
    No workspace config available to activate workspace.
[2m2024-08-23T23:26:55.727249Z[0m [31mERROR[0m [2mglazewm[0m[2m:[0m Another instance of the application is already running.
[2m2024-08-25T00:26:13.458686Z[0m [31mERROR[0m [2mglazewm[0m[2m:[0m At least 1 workspace is required per monitor.

Caused by:
    No workspace config available to activate workspace.
[2m2024-08-25T11:17:06.175742Z[0m [31mERROR[0m [2mglazewm[0m[2m:[0m channel closed
[2m2024-08-25T11:18:03.414750Z[0m [31mERROR[0m [2mglazewm[0m[2m:[0m channel closed
[2m2024-08-25T11:18:04.937140Z[0m [31mERROR[0m [2mglazewm[0m[2m:[0m channel closed
[2m2024-08-25T11:18:05.792751Z[0m [31mERROR[0m [2mglazewm[0m[2m:[0m channel closed
[2m2024-08-25T11:18:06.314754Z[0m [31mERROR[0m [2mglazewm[0m[2m:[0m channel closed
[2m2024-08-25T11:18:06.626939Z[0m [31mERROR[0m [2mglazewm[0m[2m:[0m channel closed
[2m2024-08-25T11:18:11.670337Z[0m [31mERROR[0m [2mglazewm[0m[2m:[0m channel closed
[2m2024-08-25T11:18:15.261160Z[0m [31mERROR[0m [2mglazewm[0m[2m:[0m channel closed
[2m2024-08-25T11:18:15.603065Z[0m [31mERROR[0m [2mglazewm[0m[2m:[0m channel closed
[2m2024-08-25T11:18:15.703352Z[0m [31mERROR[0m [2mglazewm[0m[2m:[0m channel closed
[2m2024-08-25T11:18:15.891831Z[0m [31mERROR[0m [2mglazewm[0m[2m:[0m channel closed
[2m2024-08-25T11:18:16.039079Z[0m [31mERROR[0m [2mglazewm[0m[2m:[0m At least 1 workspace is required per monitor.

Caused by:
    No workspace config available to activate workspace.
[2m2024-08-26T08:48:19.770031Z[0m [31mERROR[0m [2mglazewm[0m[2m:[0m At least 1 workspace is required per monitor.

Caused by:
    No workspace config available to activate workspace.
[2m2024-08-26T08:48:28.113698Z[0m [31mERROR[0m [2mglazewm[0m[2m:[0m At least 1 workspace is required per monitor.

Caused by:
    No workspace config available to activate workspace.
[2m2024-08-26T13:31:35.813772Z[0m [31mERROR[0m [2mglazewm[0m[2m:[0m channel closed
[2m2024-08-26T22:56:44.489336Z[0m [31mERROR[0m [2mglazewm[0m[2m:[0m channel closed
[2m2024-08-26T22:56:44.697523Z[0m [31mERROR[0m [2mglazewm[0m[2m:[0m channel closed
[2m2024-08-26T22:56:45.029408Z[0m [31mERROR[0m [2mglazewm[0m[2m:[0m channel closed
[2m2024-08-26T22:56:45.487992Z[0m [31mERROR[0m [2mglazewm[0m[2m:[0m channel closed
[2m2024-08-26T22:56:45.859033Z[0m [31mERROR[0m [2mglazewm[0m[2m:[0m channel closed
[2m2024-08-27T07:34:07.725072Z[0m [31mERROR[0m [2mglazewm[0m[2m:[0m At least 1 workspace is required per monitor.

Caused by:
    No workspace config available to activate workspace.
[2m2024-08-27T07:34:16.798723Z[0m [31mERROR[0m [2mglazewm[0m[2m:[0m At least 1 workspace is required per monitor.

Caused by:
    No workspace config available to activate workspace.
[2m2024-08-27T13:08:35.262926Z[0m [31mERROR[0m [2mglazewm[0m[2m:[0m At least 1 workspace is required per monitor.

Caused by:
    No workspace config available to activate workspace.
[2m2024-08-27T23:26:13.808638Z[0m [31mERROR[0m [2mglazewm[0m[2m:[0m At least 1 workspace is required per monitor.

Caused by:
    No workspace config available to activate workspace.
[2m2024-08-28T05:09:22.720970Z[0m [31mERROR[0m [2mglazewm[0m[2m:[0m At least 1 workspace is required per monitor.

Caused by:
    No workspace config available to activate workspace.
[2m2024-08-28T05:09:43.223730Z[0m [31mERROR[0m [2mglazewm[0m[2m:[0m Failed to get workspace of nearest monitor.
[2m2024-08-28T05:09:45.096646Z[0m [31mERROR[0m [2mglazewm[0m[2m:[0m Failed to get workspace of nearest monitor.
[2m2024-08-28T05:09:45.846144Z[0m [31mERROR[0m [2mglazewm[0m[2m:[0m At least 1 workspace is required per monitor.

Caused by:
    No workspace config available to activate workspace.
[2m2024-08-28T21:56:21.328697Z[0m [31mERROR[0m [2mglazewm[0m[2m:[0m At least 1 workspace is required per monitor.

Caused by:
    No workspace config available to activate workspace.
[2m2024-08-29T07:42:48.748685Z[0m [31mERROR[0m [2mglazewm[0m[2m:[0m At least 1 workspace is required per monitor.

Caused by:
    No workspace config available to activate workspace.
[2m2024-08-29T07:42:58.963198Z[0m [31mERROR[0m [2mglazewm[0m[2m:[0m At least 1 workspace is required per monitor.

Caused by:
    No workspace config available to activate workspace.
[2m2024-08-29T08:04:16.565970Z[0m [31mERROR[0m [2mglazewm[0m[2m:[0m Another instance of the application is already running.
[2m2024-08-29T12:00:50.525214Z[0m [31mERROR[0m [2mglazewm[0m[2m:[0m At least 1 workspace is required per monitor.

Caused by:
    No workspace config available to activate workspace.
[2m2024-08-29T22:59:53.297084Z[0m [31mERROR[0m [2mglazewm[0m[2m:[0m At least 1 workspace is required per monitor.

Caused by:
    No workspace config available to activate workspace.
[2m2024-08-30T06:57:36.534018Z[0m [31mERROR[0m [2mglazewm[0m[2m:[0m At least 1 workspace is required per monitor.

Caused by:
    No workspace config available to activate workspace.
[2m2024-08-30T06:57:53.021156Z[0m [31mERROR[0m [2mglazewm[0m[2m:[0m At least 1 workspace is required per monitor.

Caused by:
    No workspace config available to activate workspace.
[2m2024-08-31T00:50:27.710241Z[0m [31mERROR[0m [2mglazewm[0m[2m:[0m At least 1 workspace is required per monitor.

Caused by:
    No workspace config available to activate workspace.
[2m2024-09-01T01:08:31.685625Z[0m [31mERROR[0m [2mglazewm[0m[2m:[0m At least 1 workspace is required per monitor.

Caused by:
    No workspace config available to activate workspace.
[2m2024-09-01T07:33:22.763976Z[0m [31mERROR[0m [2mglazewm[0m[2m:[0m At least 1 workspace is required per monitor.

Caused by:
    No workspace config available to activate workspace.
[2m2024-09-01T12:50:38.275804Z[0m [31mERROR[0m [2mglazewm[0m[2m:[0m channel closed
[2m2024-09-01T22:57:55.919912Z[0m [31mERROR[0m [2mglazewm[0m[2m:[0m channel closed
[2m2024-09-01T22:57:56.087042Z[0m [31mERROR[0m [2mglazewm[0m[2m:[0m channel closed
[2m2024-09-01T22:57:56.309374Z[0m [31mERROR[0m [2mglazewm[0m[2m:[0m channel closed
[2m2024-09-01T22:57:56.546626Z[0m [31mERROR[0m [2mglazewm[0m[2m:[0m channel closed
[2m2024-09-01T22:57:56.650907Z[0m [31mERROR[0m [2mglazewm[0m[2m:[0m channel closed
[2m2024-09-03T08:00:00.335466Z[0m [31mERROR[0m [2mglazewm[0m[2m:[0m At least 1 workspace is required per monitor.

Caused by:
    No workspace config available to activate workspace.
[2m2024-09-03T08:00:24.045845Z[0m [31mERROR[0m [2mglazewm[0m[2m:[0m At least 1 workspace is required per monitor.

Caused by:
    No workspace config available to activate workspace.
[2m2024-09-04T06:32:52.932110Z[0m [31mERROR[0m [2mglazewm[0m[2m:[0m At least 1 workspace is required per monitor.

Caused by:
    No workspace config available to activate workspace.
[2m2024-09-04T06:33:04.180930Z[0m [31mERROR[0m [2mglazewm[0m[2m:[0m At least 1 workspace is required per monitor.

Caused by:
    No workspace config available to activate workspace.
[2m2024-09-05T08:18:06.459021Z[0m [31mERROR[0m [2mglazewm[0m[2m:[0m At least 1 workspace is required per monitor.

Caused by:
    No workspace config available to activate workspace.
[2m2024-09-05T08:18:13.434392Z[0m [31mERROR[0m [2mglazewm[0m[2m:[0m At least 1 workspace is required per monitor.

Caused by:
    No workspace config available to activate workspace.
[2m2024-09-05T21:40:44.307328Z[0m [31mERROR[0m [2mglazewm[0m[2m:[0m At least 1 workspace is required per monitor.

Caused by:
    No workspace config available to activate workspace.
[2m2024-09-06T07:36:26.976895Z[0m [31mERROR[0m [2mglazewm[0m[2m:[0m At least 1 workspace is required per monitor.

Caused by:
    No workspace config available to activate workspace.
[2m2024-09-07T06:23:07.330616Z[0m [31mERROR[0m [2mglazewm[0m[2m:[0m At least 1 workspace is required per monitor.

Caused by:
    No workspace config available to activate workspace.
[2m2024-09-07T06:23:33.787933Z[0m [31mERROR[0m [2mglazewm[0m[2m:[0m Another instance of the application is already running.
[2m2024-09-08T05:19:48.617352Z[0m [31mERROR[0m [2mglazewm[0m[2m:[0m At least 1 workspace is required per monitor.

Caused by:
    No workspace config available to activate workspace.
[2m2024-09-08T05:20:18.437982Z[0m [31mERROR[0m [2mglazewm[0m[2m:[0m At least 1 workspace is required per monitor.

Caused by:
    No workspace config available to activate workspace.
[2m2024-09-09T09:52:07.482869Z[0m [31mERROR[0m [2mglazewm[0m[2m:[0m At least 1 workspace is required per monitor.

Caused by:
    No workspace config available to activate workspace.
[2m2024-09-09T09:52:16.432134Z[0m [31mERROR[0m [2mglazewm[0m[2m:[0m At least 1 workspace is required per monitor.

Caused by:
    No workspace config available to activate workspace.
[2m2024-09-09T22:57:56.090750Z[0m [31mERROR[0m [2mglazewm[0m[2m:[0m At least 1 workspace is required per monitor.

Caused by:
    No workspace config available to activate workspace.
[2m2024-09-10T06:58:30.111058Z[0m [31mERROR[0m [2mglazewm[0m[2m:[0m At least 1 workspace is required per monitor.

Caused by:
    No workspace config available to activate workspace.
[2m2024-09-10T06:58:35.592189Z[0m [31mERROR[0m [2mglazewm[0m[2m:[0m At least 1 workspace is required per monitor.

Caused by:
    No workspace config available to activate workspace.
[2m2024-09-11T09:55:06.825511Z[0m [31mERROR[0m [2mglazewm[0m[2m:[0m At least 1 workspace is required per monitor.

Caused by:
    No workspace config available to activate workspace.
[2m2024-09-11T09:55:15.733038Z[0m [31mERROR[0m [2mglazewm[0m[2m:[0m At least 1 workspace is required per monitor.

Caused by:
    No workspace config available to activate workspace.
[2m2024-09-12T02:33:25.113065Z[0m [31mERROR[0m [2mglazewm[0m[2m:[0m Another instance of the application is already running.
[2m2024-09-12T08:20:19.050499Z[0m [31mERROR[0m [2mglazewm[0m[2m:[0m At least 1 workspace is required per monitor.

Caused by:
    No workspace config available to activate workspace.
[2m2024-09-12T08:20:23.664355Z[0m [31mERROR[0m [2mglazewm[0m[2m:[0m At least 1 workspace is required per monitor.

Caused by:
    No workspace config available to activate workspace.
[2m2024-09-13T01:07:00.593187Z[0m [31mERROR[0m [2mglazewm[0m[2m:[0m Another instance of the application is already running.
[2m2024-09-13T01:07:25.280225Z[0m [31mERROR[0m [2mglazewm[0m[2m:[0m did not find expected key at line 215 column 24, while parsing a block mapping at line 215 column 5
[2m2024-09-13T01:08:15.187045Z[0m [31mERROR[0m [2mglazewm::common::commands::shell_exec[0m[2m:[0m [3merr_message[0m[2m=[0m"Failed to execute 'glazewm'.\n\nError: The operation was canceled by the user. (0x800704C7)"
[2m2024-09-13T23:07:19.475287Z[0m [31mERROR[0m [2mglazewm[0m[2m:[0m At least 1 workspace is required per monitor.

Caused by:
    No workspace config available to activate workspace.
[2m2024-09-13T23:07:30.659001Z[0m [31mERROR[0m [2mglazewm[0m[2m:[0m At least 1 workspace is required per monitor.

Caused by:
    No workspace config available to activate workspace.
[2m2024-09-14T01:13:56.584894Z[0m [31mERROR[0m [2mglazewm[0m[2m:[0m channel closed
[2m2024-09-14T04:07:13.498141Z[0m [31mERROR[0m [2mglazewm[0m[2m:[0m channel closed
[2m2024-09-14T04:07:15.972232Z[0m [31mERROR[0m [2mglazewm[0m[2m:[0m channel closed
[2m2024-09-14T04:07:17.159436Z[0m [31mERROR[0m [2mglazewm[0m[2m:[0m channel closed
[2m2024-09-14T04:07:17.681882Z[0m [31mERROR[0m [2mglazewm[0m[2m:[0m channel closed
[2m2024-09-14T04:07:17.986882Z[0m [31mERROR[0m [2mglazewm[0m[2m:[0m channel closed
[2m2024-09-14T04:07:18.386884Z[0m [31mERROR[0m [2mglazewm[0m[2m:[0m channel closed
[2m2024-09-14T04:07:18.762242Z[0m [31mERROR[0m [2mglazewm[0m[2m:[0m channel closed
[2m2024-09-14T04:07:19.137041Z[0m [31mERROR[0m [2mglazewm[0m[2m:[0m channel closed
[2m2024-09-14T04:07:19.574015Z[0m [31mERROR[0m [2mglazewm[0m[2m:[0m channel closed
[2m2024-09-14T04:07:19.962539Z[0m [31mERROR[0m [2mglazewm[0m[2m:[0m channel closed
[2m2024-09-14T04:07:20.352022Z[0m [31mERROR[0m [2mglazewm[0m[2m:[0m channel closed
[2m2024-09-14T04:07:21.554166Z[0m [31mERROR[0m [2mglazewm[0m[2m:[0m channel closed
[2m2024-09-14T04:07:21.861748Z[0m [31mERROR[0m [2mglazewm[0m[2m:[0m channel closed
[2m2024-09-14T04:07:22.401427Z[0m [31mERROR[0m [2mglazewm[0m[2m:[0m At least 1 workspace is required per monitor.

Caused by:
    No workspace config available to activate workspace.
[2m2024-09-15T11:21:47.875991Z[0m [31mERROR[0m [2mglazewm[0m[2m:[0m At least 1 workspace is required per monitor.

Caused by:
    No workspace config available to activate workspace.
[2m2024-09-15T13:58:02.436104Z[0m [31mERROR[0m [2mglazewm[0m[2m:[0m At least 1 workspace is required per monitor.

Caused by:
    No workspace config available to activate workspace.
[2m2024-09-16T05:23:33.769526Z[0m [31mERROR[0m [2mglazewm[0m[2m:[0m Access is denied. (0x80070005)
[2m2024-09-16T08:58:45.262330Z[0m [31mERROR[0m [2mglazewm[0m[2m:[0m At least 1 workspace is required per monitor.

Caused by:
    No workspace config available to activate workspace.
[2m2024-09-17T04:12:17.663440Z[0m [31mERROR[0m [2mglazewm[0m[2m:[0m At least 1 workspace is required per monitor.

Caused by:
    No workspace config available to activate workspace.
[2m2024-09-17T04:23:02.088411Z[0m [31mERROR[0m [2mglazewm[0m[2m:[0m At least 1 workspace is required per monitor.

Caused by:
    No workspace config available to activate workspace.
[2m2024-09-17T04:23:15.641900Z[0m [31mERROR[0m [2mglazewm[0m[2m:[0m At least 1 workspace is required per monitor.

Caused by:
    No workspace config available to activate workspace.
[2m2024-09-17T13:03:15.982694Z[0m [31mERROR[0m [2mglazewm[0m[2m:[0m channel closed
[2m2024-09-17T23:06:21.080818Z[0m [31mERROR[0m [2mglazewm[0m[2m:[0m channel closed
[2m2024-09-17T23:06:21.528439Z[0m [31mERROR[0m [2mglazewm[0m[2m:[0m channel closed
[2m2024-09-17T23:06:21.928190Z[0m [31mERROR[0m [2mglazewm[0m[2m:[0m channel closed
[2m2024-09-17T23:06:22.297451Z[0m [31mERROR[0m [2mglazewm[0m[2m:[0m channel closed
[2m2024-09-17T23:06:22.555619Z[0m [31mERROR[0m [2mglazewm[0m[2m:[0m channel closed
[2m2024-09-17T23:06:22.775655Z[0m [31mERROR[0m [2mglazewm[0m[2m:[0m channel closed
[2m2024-09-17T23:06:22.990215Z[0m [31mERROR[0m [2mglazewm[0m[2m:[0m channel closed
[2m2024-09-17T23:06:23.240690Z[0m [31mERROR[0m [2mglazewm[0m[2m:[0m channel closed
[2m2024-09-17T23:06:23.468959Z[0m [31mERROR[0m [2mglazewm[0m[2m:[0m channel closed
[2m2024-09-17T23:06:23.720897Z[0m [31mERROR[0m [2mglazewm[0m[2m:[0m channel closed
[2m2024-09-18T10:50:16.359285Z[0m [31mERROR[0m [2mglazewm[0m[2m:[0m At least 1 workspace is required per monitor.

Caused by:
    No workspace config available to activate workspace.
[2m2024-09-18T10:50:43.676580Z[0m [31mERROR[0m [2mglazewm[0m[2m:[0m At least 1 workspace is required per monitor.

Caused by:
    No workspace config available to activate workspace.
[2m2024-09-19T12:57:03.767253Z[0m [31mERROR[0m [2mglazewm[0m[2m:[0m channel closed
[2m2024-09-19T23:00:17.490410Z[0m [31mERROR[0m [2mglazewm[0m[2m:[0m channel closed
[2m2024-09-19T23:00:20.685812Z[0m [31mERROR[0m [2mglazewm[0m[2m:[0m channel closed
[2m2024-09-19T23:00:21.002743Z[0m [31mERROR[0m [2mglazewm[0m[2m:[0m channel closed
[2m2024-09-19T23:00:21.674072Z[0m [31mERROR[0m [2mglazewm[0m[2m:[0m channel closed
[2m2024-09-19T23:00:21.993642Z[0m [31mERROR[0m [2mglazewm[0m[2m:[0m channel closed
[2m2024-09-19T23:00:22.283115Z[0m [31mERROR[0m [2mglazewm[0m[2m:[0m channel closed
[2m2024-10-01T00:42:51.787446Z[0m [31mERROR[0m [2mglazewm[0m[2m:[0m At least 1 workspace is required per monitor.

Caused by:
    No workspace config available to activate workspace.
[2m2024-10-01T07:36:54.178758Z[0m [31mERROR[0m [2mglazewm[0m[2m:[0m At least 1 workspace is required per monitor.

Caused by:
    No workspace config available to activate workspace.
[2m2024-10-02T01:37:29.445518Z[0m [31mERROR[0m [2mglazewm[0m[2m:[0m At least 1 workspace is required per monitor.

Caused by:
    No workspace config available to activate workspace.
[2m2024-10-02T01:38:10.287956Z[0m [31mERROR[0m [2mglazewm[0m[2m:[0m Another instance of the application is already running.
[2m2024-10-02T11:01:17.844458Z[0m [31mERROR[0m [2mglazewm[0m[2m:[0m At least 1 workspace is required per monitor.

Caused by:
    No workspace config available to activate workspace.
[2m2024-10-02T11:01:42.637791Z[0m [31mERROR[0m [2mglazewm[0m[2m:[0m Another instance of the application is already running.
[2m2024-10-03T10:12:17.589345Z[0m [31mERROR[0m [2mglazewm[0m[2m:[0m channel closed
[2m2024-10-03T11:08:38.023553Z[0m [31mERROR[0m [2mglazewm[0m[2m:[0m channel closed
[2m2024-10-03T11:08:45.114856Z[0m [31mERROR[0m [2mglazewm[0m[2m:[0m channel closed
[2m2024-10-03T11:08:45.741992Z[0m [31mERROR[0m [2mglazewm[0m[2m:[0m channel closed
[2m2024-10-03T11:08:46.110370Z[0m [31mERROR[0m [2mglazewm[0m[2m:[0m channel closed
[2m2024-10-03T11:08:46.334639Z[0m [31mERROR[0m [2mglazewm[0m[2m:[0m channel closed
[2m2024-10-03T11:08:46.535270Z[0m [31mERROR[0m [2mglazewm[0m[2m:[0m channel closed
[2m2024-10-03T11:08:46.715804Z[0m [31mERROR[0m [2mglazewm[0m[2m:[0m channel closed
[2m2024-10-03T13:21:42.664160Z[0m [31mERROR[0m [2mglazewm[0m[2m:[0m At least 1 workspace is required per monitor.

Caused by:
    No workspace config available to activate workspace.
[2m2024-10-04T07:36:29.185638Z[0m [31mERROR[0m [2mglazewm[0m[2m:[0m At least 1 workspace is required per monitor.

Caused by:
    No workspace config available to activate workspace.
[2m2024-10-04T10:02:42.578110Z[0m [31mERROR[0m [2mglazewm[0m[2m:[0m At least 1 workspace is required per monitor.

Caused by:
    No workspace config available to activate workspace.
[2m2024-10-05T08:56:32.890034Z[0m [31mERROR[0m [2mglazewm[0m[2m:[0m At least 1 workspace is required per monitor.

Caused by:
    No workspace config available to activate workspace.
[2m2024-10-05T12:54:15.324807Z[0m [31mERROR[0m [2mglazewm[0m[2m:[0m At least 1 workspace is required per monitor.

Caused by:
    No workspace config available to activate workspace.
[2m2024-10-05T12:56:58.272087Z[0m [31mERROR[0m [2mglazewm[0m[2m:[0m At least 1 workspace is required per monitor.

Caused by:
    No workspace config available to activate workspace.
[2m2024-10-06T01:09:52.840449Z[0m [31mERROR[0m [2mglazewm[0m[2m:[0m At least 1 workspace is required per monitor.

Caused by:
    No workspace config available to activate workspace.
[2m2024-10-06T03:11:30.317437Z[0m [31mERROR[0m [2mglazewm[0m[2m:[0m At least 1 workspace is required per monitor.

Caused by:
    No workspace config available to activate workspace.
[2m2024-10-07T08:24:42.712890Z[0m [31mERROR[0m [2mglazewm[0m[2m:[0m At least 1 workspace is required per monitor.

Caused by:
    No workspace config available to activate workspace.
[2m2024-10-08T06:12:10.728287Z[0m [31mERROR[0m [2mglazewm[0m[2m:[0m At least 1 workspace is required per monitor.

Caused by:
    No workspace config available to activate workspace.
[2m2024-10-09T06:19:17.751092Z[0m [31mERROR[0m [2mglazewm[0m[2m:[0m At least 1 workspace is required per monitor.

Caused by:
    No workspace config available to activate workspace.
[2m2024-10-10T07:08:19.556719Z[0m [31mERROR[0m [2mglazewm[0m[2m:[0m At least 1 workspace is required per monitor.

Caused by:
    No workspace config available to activate workspace.
[2m2024-10-11T02:41:21.766350Z[0m [31mERROR[0m [2mglazewm[0m[2m:[0m At least 1 workspace is required per monitor.

Caused by:
    No workspace config available to activate workspace.
[2m2024-10-11T06:10:23.936963Z[0m [31mERROR[0m [2mglazewm[0m[2m:[0m At least 1 workspace is required per monitor.

Caused by:
    No workspace config available to activate workspace.
[2m2024-10-13T08:11:29.949684Z[0m [31mERROR[0m [2mglazewm[0m[2m:[0m At least 1 workspace is required per monitor.

Caused by:
    No workspace config available to activate workspace.
[2m2024-10-13T12:40:40.128248Z[0m [31mERROR[0m [2mglazewm[0m[2m:[0m At least 1 workspace is required per monitor.

Caused by:
    No workspace config available to activate workspace.
[2m2024-10-14T07:28:29.911527Z[0m [31mERROR[0m [2mglazewm[0m[2m:[0m At least 1 workspace is required per monitor.

Caused by:
    No workspace config available to activate workspace.
[2m2024-10-15T05:53:34.640620Z[0m [31mERROR[0m [2mglazewm[0m[2m:[0m At least 1 workspace is required per monitor.

Caused by:
    No workspace config available to activate workspace.
[2m2024-10-16T08:47:41.394524Z[0m [31mERROR[0m [2mglazewm[0m[2m:[0m At least 1 workspace is required per monitor.

Caused by:
    No workspace config available to activate workspace.
[2m2024-10-18T02:23:18.499157Z[0m [31mERROR[0m [2mglazewm[0m[2m:[0m At least 1 workspace is required per monitor.

Caused by:
    No workspace config available to activate workspace.
[2m2024-10-18T05:58:50.411520Z[0m [31mERROR[0m [2mglazewm[0m[2m:[0m At least 1 workspace is required per monitor.

Caused by:
    No workspace config available to activate workspace.
[2m2024-10-18T11:09:01.432456Z[0m [31mERROR[0m [2mglazewm[0m[2m:[0m At least 1 workspace is required per monitor.

Caused by:
    No workspace config available to activate workspace.
[2m2024-10-18T23:57:22.943564Z[0m [31mERROR[0m [2mglazewm[0m[2m:[0m At least 1 workspace is required per monitor.

Caused by:
    No workspace config available to activate workspace.
[2m2024-10-19T04:13:02.880682Z[0m [31mERROR[0m [2mglazewm[0m[2m:[0m At least 1 workspace is required per monitor.

Caused by:
    No workspace config available to activate workspace.
[2m2024-10-19T04:25:38.273879Z[0m [31mERROR[0m [2mglazewm[0m[2m:[0m At least 1 workspace is required per monitor.

Caused by:
    No workspace config available to activate workspace.
[2m2024-10-19T04:27:18.044334Z[0m [31mERROR[0m [2mglazewm[0m[2m:[0m At least 1 workspace is required per monitor.

Caused by:
    No workspace config available to activate workspace.
[2m2024-10-19T08:29:47.573926Z[0m [31mERROR[0m [2mglazewm[0m[2m:[0m At least 1 workspace is required per monitor.

Caused by:
    No workspace config available to activate workspace.
[2m2024-10-20T00:15:08.751351Z[0m [31mERROR[0m [2mglazewm[0m[2m:[0m At least 1 workspace is required per monitor.

Caused by:
    No workspace config available to activate workspace.
[2m2024-10-20T00:15:54.875218Z[0m [31mERROR[0m [2mglazewm[0m[2m:[0m At least 1 workspace is required per monitor.

Caused by:
    No workspace config available to activate workspace.
[2m2024-10-20T00:59:37.213055Z[0m [31mERROR[0m [2mglazewm[0m[2m:[0m At least 1 workspace is required per monitor.

Caused by:
    No workspace config available to activate workspace.
[2m2024-10-20T01:38:13.975405Z[0m [31mERROR[0m [2mglazewm[0m[2m:[0m At least 1 workspace is required per monitor.

Caused by:
    No workspace config available to activate workspace.
[2m2024-10-20T03:39:15.754969Z[0m [31mERROR[0m [2mglazewm[0m[2m:[0m At least 1 workspace is required per monitor.

Caused by:
    No workspace config available to activate workspace.
[2m2024-10-20T03:39:23.447609Z[0m [31mERROR[0m [2mglazewm[0m[2m:[0m At least 1 workspace is required per monitor.

Caused by:
    No workspace config available to activate workspace.
[2m2024-10-20T21:50:19.119799Z[0m [31mERROR[0m [2mglazewm[0m[2m:[0m At least 1 workspace is required per monitor.

Caused by:
    No workspace config available to activate workspace.
[2m2024-10-20T23:17:55.870946Z[0m [31mERROR[0m [2mglazewm[0m[2m:[0m Another instance of the application is already running.
[2m2024-10-21T07:39:26.424880Z[0m [31mERROR[0m [2mglazewm[0m[2m:[0m At least 1 workspace is required per monitor.

Caused by:
    No workspace config available to activate workspace.
[2m2024-10-21T07:39:36.691538Z[0m [31mERROR[0m [2mglazewm[0m[2m:[0m At least 1 workspace is required per monitor.

Caused by:
    No workspace config available to activate workspace.
[2m2024-10-21T20:52:48.499590Z[0m [31mERROR[0m [2mglazewm[0m[2m:[0m At least 1 workspace is required per monitor.

Caused by:
    No workspace config available to activate workspace.
[2m2024-10-23T05:53:37.130521Z[0m [31mERROR[0m [2mglazewm[0m[2m:[0m At least 1 workspace is required per monitor.

Caused by:
    No workspace config available to activate workspace.
[2m2024-10-23T05:53:52.442015Z[0m [31mERROR[0m [2mglazewm[0m[2m:[0m At least 1 workspace is required per monitor.

Caused by:
    No workspace config available to activate workspace.
[2m2024-10-23T06:13:15.995124Z[0m [31mERROR[0m [2mglazewm[0m[2m:[0m At least 1 workspace is required per monitor.

Caused by:
    No workspace config available to activate workspace.
[2m2024-10-23T06:13:31.394119Z[0m [31mERROR[0m [2mglazewm[0m[2m:[0m At least 1 workspace is required per monitor.

Caused by:
    No workspace config available to activate workspace.
[2m2024-10-23T06:24:20.178453Z[0m [31mERROR[0m [2mglazewm[0m[2m:[0m At least 1 workspace is required per monitor.

Caused by:
    No workspace config available to activate workspace.
[2m2024-10-25T22:49:47.799760Z[0m [31mERROR[0m [2mglazewm[0m[2m:[0m At least 1 workspace is required per monitor.

Caused by:
    No workspace config available to activate workspace.
[2m2024-10-26T10:14:57.033532Z[0m [31mERROR[0m [2mglazewm[0m[2m:[0m At least 1 workspace is required per monitor.

Caused by:
    No workspace config available to activate workspace.
[2m2024-10-27T06:39:43.169704Z[0m [31mERROR[0m [2mglazewm[0m[2m:[0m At least 1 workspace is required per monitor.

Caused by:
    No workspace config available to activate workspace.
[2m2024-10-27T06:39:54.923514Z[0m [31mERROR[0m [2mglazewm[0m[2m:[0m At least 1 workspace is required per monitor.

Caused by:
    No workspace config available to activate workspace.
[2m2024-10-27T09:28:52.537704Z[0m [31mERROR[0m [2mglazewm[0m[2m:[0m At least 1 workspace is required per monitor.

Caused by:
    No workspace config available to activate workspace.
[2m2024-10-27T09:29:00.540946Z[0m [31mERROR[0m [2mglazewm[0m[2m:[0m At least 1 workspace is required per monitor.

Caused by:
    No workspace config available to activate workspace.
[2m2024-10-28T07:44:42.327509Z[0m [31mERROR[0m [2mglazewm[0m[2m:[0m At least 1 workspace is required per monitor.

Caused by:
    No workspace config available to activate workspace.
[2m2024-10-28T07:44:47.363231Z[0m [31mERROR[0m [2mglazewm[0m[2m:[0m At least 1 workspace is required per monitor.

Caused by:
    No workspace config available to activate workspace.
[2m2024-10-28T23:26:03.908811Z[0m [31mERROR[0m [2mglazewm[0m[2m:[0m At least 1 workspace is required per monitor.

Caused by:
    No workspace config available to activate workspace.
[2m2024-10-29T11:27:43.974575Z[0m [31mERROR[0m [2mglazewm[0m[2m:[0m At least 1 workspace is required per monitor.

Caused by:
    No workspace config available to activate workspace.
[2m2024-10-29T11:29:41.308510Z[0m [31mERROR[0m [2mglazewm[0m[2m:[0m Failed to get workspace of nearest monitor.
[2m2024-10-31T06:34:55.346876Z[0m [31mERROR[0m [2mglazewm[0m[2m:[0m At least 1 workspace is required per monitor.

Caused by:
    No workspace config available to activate workspace.
[2m2024-10-31T06:35:09.535036Z[0m [31mERROR[0m [2mglazewm[0m[2m:[0m At least 1 workspace is required per monitor.

Caused by:
    No workspace config available to activate workspace.
[2m2024-10-31T08:56:57.763308Z[0m [31mERROR[0m [2mglazewm[0m[2m:[0m At least 1 workspace is required per monitor.

Caused by:
    No workspace config available to activate workspace.
[2m2024-11-01T06:27:21.919641Z[0m [31mERROR[0m [2mglazewm[0m[2m:[0m At least 1 workspace is required per monitor.

Caused by:
    No workspace config available to activate workspace.
[2m2024-11-01T06:27:29.462493Z[0m [31mERROR[0m [2mglazewm[0m[2m:[0m At least 1 workspace is required per monitor.

Caused by:
    No workspace config available to activate workspace.
[2m2024-11-04T06:21:02.986074Z[0m [31mERROR[0m [2mglazewm[0m[2m:[0m At least 1 workspace is required per monitor.

Caused by:
    No workspace config available to activate workspace.
[2m2024-11-04T06:21:09.575611Z[0m [31mERROR[0m [2mglazewm[0m[2m:[0m At least 1 workspace is required per monitor.

Caused by:
    No workspace config available to activate workspace.
[2m2024-11-04T22:39:42.598600Z[0m [31mERROR[0m [2mglazewm[0m[2m:[0m At least 1 workspace is required per monitor.

Caused by:
    No workspace config available to activate workspace.
[2m2024-11-05T06:42:29.136669Z[0m [31mERROR[0m [2mglazewm[0m[2m:[0m At least 1 workspace is required per monitor.

Caused by:
    No workspace config available to activate workspace.
[2m2024-11-06T08:42:33.996717Z[0m [31mERROR[0m [2mglazewm[0m[2m:[0m At least 1 workspace is required per monitor.

Caused by:
    No workspace config available to activate workspace.
[2m2024-11-06T08:44:53.050418Z[0m [31mERROR[0m [2mglazewm[0m[2m:[0m At least 1 workspace is required per monitor.

Caused by:
    No workspace config available to activate workspace.
[2m2024-11-06T22:05:18.935189Z[0m [31mERROR[0m [2mglazewm[0m[2m:[0m At least 1 workspace is required per monitor.

Caused by:
    No workspace config available to activate workspace.
[2m2024-11-07T22:25:01.321352Z[0m [31mERROR[0m [2mglazewm[0m[2m:[0m At least 1 workspace is required per monitor.

Caused by:
    No workspace config available to activate workspace.
[2m2024-11-08T05:35:24.964863Z[0m [31mERROR[0m [2mglazewm[0m[2m:[0m At least 1 workspace is required per monitor.

Caused by:
    No workspace config available to activate workspace.
[2m2024-11-08T11:24:45.476987Z[0m [31mERROR[0m [2mglazewm[0m[2m:[0m At least 1 workspace is required per monitor.

Caused by:
    No workspace config available to activate workspace.
[2m2024-11-08T11:40:13.033532Z[0m [31mERROR[0m [2mglazewm[0m[2m:[0m At least 1 workspace is required per monitor.

Caused by:
    No workspace config available to activate workspace.
[2m2024-11-09T23:04:02.312931Z[0m [31mERROR[0m [2mglazewm[0m[2m:[0m At least 1 workspace is required per monitor.

Caused by:
    No workspace config available to activate workspace.
[2m2024-11-11T06:37:34.273993Z[0m [31mERROR[0m [2mglazewm[0m[2m:[0m At least 1 workspace is required per monitor.

Caused by:
    No workspace config available to activate workspace.
[2m2024-11-11T06:42:33.906792Z[0m [31mERROR[0m [2mglazewm[0m[2m:[0m At least 1 workspace is required per monitor.

Caused by:
    No workspace config available to activate workspace.
[2m2024-11-12T22:48:19.845945Z[0m [31mERROR[0m [2mglazewm[0m[2m:[0m At least 1 workspace is required per monitor.

Caused by:
    No workspace config available to activate workspace.
[2m2024-11-13T10:01:03.362032Z[0m [31mERROR[0m [2mglazewm[0m[2m:[0m At least 1 workspace is required per monitor.

Caused by:
    No workspace config available to activate workspace.
[2m2024-11-13T10:01:08.439230Z[0m [31mERROR[0m [2mglazewm[0m[2m:[0m At least 1 workspace is required per monitor.

Caused by:
    No workspace config available to activate workspace.
[2m2024-11-13T11:47:13.816695Z[0m [31mERROR[0m [2mglazewm[0m[2m:[0m channel closed
[2m2024-11-13T21:59:10.048686Z[0m [31mERROR[0m [2mglazewm[0m[2m:[0m channel closed
[2m2024-11-13T21:59:10.868355Z[0m [31mERROR[0m [2mglazewm[0m[2m:[0m channel closed
[2m2024-11-13T21:59:11.304310Z[0m [31mERROR[0m [2mglazewm[0m[2m:[0m channel closed
[2m2024-11-13T21:59:11.598462Z[0m [31mERROR[0m [2mglazewm[0m[2m:[0m channel closed
[2m2024-11-14T06:33:30.983489Z[0m [31mERROR[0m [2mglazewm[0m[2m:[0m At least 1 workspace is required per monitor.

Caused by:
    No workspace config available to activate workspace.
[2m2024-11-14T06:34:03.580306Z[0m [31mERROR[0m [2mglazewm[0m[2m:[0m At least 1 workspace is required per monitor.

Caused by:
    No workspace config available to activate workspace.
[2m2024-11-15T06:13:27.529493Z[0m [31mERROR[0m [2mglazewm[0m[2m:[0m At least 1 workspace is required per monitor.

Caused by:
    No workspace config available to activate workspace.
[2m2024-11-15T06:13:41.863630Z[0m [31mERROR[0m [2mglazewm[0m[2m:[0m At least 1 workspace is required per monitor.

Caused by:
    No workspace config available to activate workspace.
[2m2024-11-16T00:08:57.976907Z[0m [31mERROR[0m [2mglazewm[0m[2m:[0m At least 1 workspace is required per monitor.

Caused by:
    No workspace config available to activate workspace.
[2m2024-11-16T06:52:01.916750Z[0m [31mERROR[0m [2mglazewm[0m[2m:[0m At least 1 workspace is required per monitor.

Caused by:
    No workspace config available to activate workspace.
[2m2024-11-16T08:08:19.860267Z[0m [31mERROR[0m [2mglazewm[0m[2m:[0m At least 1 workspace is required per monitor.

Caused by:
    No workspace config available to activate workspace.
[2m2024-11-18T05:46:03.675519Z[0m [31mERROR[0m [2mglazewm[0m[2m:[0m At least 1 workspace is required per monitor.

Caused by:
    No workspace config available to activate workspace.
[2m2024-11-18T06:01:12.717823Z[0m [31mERROR[0m [2mglazewm[0m[2m:[0m Another instance of the application is already running.
[2m2024-11-19T06:04:01.423307Z[0m [31mERROR[0m [2mglazewm[0m[2m:[0m At least 1 workspace is required per monitor.

Caused by:
    No workspace config available to activate workspace.
[2m2024-11-19T11:45:41.423969Z[0m [31mERROR[0m [2mglazewm[0m[2m:[0m At least 1 workspace is required per monitor.

Caused by:
    No workspace config available to activate workspace.
[2m2024-11-19T11:45:53.098312Z[0m [31mERROR[0m [2mglazewm[0m[2m:[0m At least 1 workspace is required per monitor.

Caused by:
    No workspace config available to activate workspace.
[2m2024-11-21T09:02:59.472944Z[0m [31mERROR[0m [2mglazewm[0m[2m:[0m At least 1 workspace is required per monitor.

Caused by:
    No workspace config available to activate workspace.
[2m2024-11-22T06:12:05.465141Z[0m [31mERROR[0m [2mglazewm[0m[2m:[0m At least 1 workspace is required per monitor.

Caused by:
    No workspace config available to activate workspace.
[2m2024-11-22T23:09:46.925256Z[0m [31mERROR[0m [2mglazewm[0m[2m:[0m Another instance of the application is already running.
[2m2024-11-23T09:53:17.839873Z[0m [31mERROR[0m [2mglazewm[0m[2m:[0m At least 1 workspace is required per monitor.

Caused by:
    No workspace config available to activate workspace.
[2m2024-11-24T07:01:17.075401Z[0m [31mERROR[0m [2mglazewm[0m[2m:[0m At least 1 workspace is required per monitor.

Caused by:
    No workspace config available to activate workspace.
[2m2024-11-25T07:53:57.234286Z[0m [31mERROR[0m [2mglazewm[0m[2m:[0m At least 1 workspace is required per monitor.

Caused by:
    No workspace config available to activate workspace.
[2m2024-11-25T07:55:36.076717Z[0m [31mERROR[0m [2mglazewm[0m[2m:[0m Access is denied. (0x80070005)
